2025/02/23 15:57:21 [emerg] 20596#22988: CreateFile() "C:\Hcx\Code\aProject\Sky-Take-Out\sky-frontend/conf/nginx.conf" failed (3: The system cannot find the path specified)
2025/02/23 15:57:21 [alert] 33948#12908: worker process 20596 exited with code 1
2025/02/23 15:57:21 [alert] 33948#12908: could not respawn worker
2025/02/23 15:57:26 [emerg] 24128#32312: CreateFile() "C:\Hcx\Code\aProject\Sky-Take-Out\sky-frontend/conf/nginx.conf" failed (3: The system cannot find the path specified)
2025/02/23 16:00:23 [notice] 34660#23652: signal process started
2025/02/23 16:00:47 [emerg] 38516#32940: CreateDirectory() "C:\Hcx\Code\aProject\Sky-Take-Out\sky-frontend/temp/client_body_temp" failed (3: The system cannot find the path specified)
2025/02/23 16:00:51 [emerg] 39732#29148: CreateDirectory() "C:\Hcx\Code\aProject\Sky-Take-Out\sky-frontend/temp/client_body_temp" failed (3: The system cannot find the path specified)
2025/02/23 16:00:55 [emerg] 27396#1308: CreateDirectory() "C:\Hcx\Code\aProject\Sky-Take-Out\sky-frontend/temp/client_body_temp" failed (3: The system cannot find the path specified)
2025/02/23 16:01:00 [emerg] 14908#35672: CreateDirectory() "C:\Hcx\Code\aProject\Sky-Take-Out\sky-frontend/temp/client_body_temp" failed (3: The system cannot find the path specified)
2025/02/23 16:01:02 [emerg] 29352#30076: CreateDirectory() "C:\Hcx\Code\aProject\Sky-Take-Out\sky-frontend/temp/client_body_temp" failed (3: The system cannot find the path specified)
2025/02/23 16:01:05 [notice] 27928#39424: signal process started
2025/02/23 16:01:05 [error] 27928#39424: CreateFile() "C:\Hcx\Code\aProject\Sky-Take-Out\sky-frontend/logs/nginx.pid" failed (2: The system cannot find the file specified)
2025/02/23 16:01:14 [notice] 28208#36244: signal process started
2025/02/23 16:01:14 [error] 28208#36244: CreateFile() "C:\Hcx\Code\aProject\Sky-Take-Out\sky-frontend/logs/nginx.pid" failed (2: The system cannot find the file specified)
2025/02/23 16:01:17 [emerg] 39900#30280: CreateDirectory() "C:\Hcx\Code\aProject\Sky-Take-Out\sky-frontend/temp/client_body_temp" failed (3: The system cannot find the path specified)
2025/02/23 16:03:09 [notice] 33552#36904: signal process started
2025/02/23 16:03:28 [notice] 21480#32500: signal process started
2025/02/23 16:03:36 [emerg] 7476#33244: CreateFile() "C:\Hcx\Code\aProject\Sky-Take-Out\sky-frontend/conf/nginx.conf" failed (3: The system cannot find the path specified)
2025/02/23 16:03:37 [emerg] 29148#25860: CreateFile() "C:\Hcx\Code\aProject\Sky-Take-Out\sky-frontend/conf/nginx.conf" failed (3: The system cannot find the path specified)
2025/02/23 16:03:54 [notice] 35844#34828: signal process started
2025/02/23 16:04:05 [notice] 38704#16748: signal process started
2025/02/23 16:04:05 [error] 38704#16748: CreateFile() "C:\Hcx\Code\aProject\Sky-Take-Out\sky-frontend/logs/nginx.pid" failed (2: The system cannot find the file specified)
2025/02/23 16:04:14 [notice] 37204#28496: signal process started
2025/02/23 16:04:14 [error] 37204#28496: CreateFile() "C:\Hcx\Code\aProject\Sky-Take-Out\sky-frontend/logs/nginx.pid" failed (2: The system cannot find the file specified)
2025/02/23 16:04:32 [notice] 27148#30548: signal process started
2025/02/23 16:04:47 [notice] 29456#12992: signal process started
2025/02/23 16:04:47 [error] 29456#12992: CreateFile() "C:\Hcx\Code\aProject\Sky-Take-Out\sky-frontend/logs/nginx.pid" failed (2: The system cannot find the file specified)
2025/02/23 16:05:16 [notice] 31508#31820: signal process started
2025/02/23 16:05:46 [emerg] 38540#36336: CreateDirectory() "C:\Hcx\Code\aProject\Sky-Take-Out\sky-frontend/temp/client_body_temp" failed (3: The system cannot find the path specified)
2025/02/23 16:05:49 [notice] 7512#3852: signal process started
2025/02/23 16:05:49 [error] 7512#3852: CreateFile() "C:\Hcx\Code\aProject\Sky-Take-Out\sky-frontend/logs/nginx.pid" failed (2: The system cannot find the file specified)
2025/02/23 16:05:59 [notice] 29188#30860: signal process started
2025/02/23 16:06:05 [notice] 34844#36960: signal process started
2025/02/23 16:06:05 [error] 34844#36960: CreateFile() "C:\Hcx\Code\aProject\Sky-Take-Out\sky-frontend/logs/nginx.pid" failed (2: The system cannot find the file specified)
